[Thu, 01-Sep-2011 @ 13:03:31.548] [quartzScheduler_Worker-7] ERROR org.codehaus.groovy.grails.plugins.quartz.listeners.ExceptionPrinterJobListener  - Exception occured in job: mnroad.us.mn.state.dot.mnroad.ExportWeatherJob
org.quartz.JobExecutionException: No such property: ConfigurationHolder for class: us.mn.state.dot.mnroad.ExportWeatherJob [See nested exception: groovy.lang.MissingPropertyException: No such property: ConfigurationHolder for class: us.mn.state.dot.mnroad.ExportWeatherJob]
	at org.codehaus.groovy.grails.plugins.quartz.GrailsJobFactory$GrailsTaskClassJob.execute(GrailsJobFactory.java:81)
	at org.grails.plugins.quartz.QuartzMonitorJobFactory$QuartzDisplayJob.execute(QuartzMonitorJobFactory.java:64)
	at org.quartz.core.JobRunShell.run(JobRunShell.java:199)
	at org.quartz.simpl.SimpleThreadPool$WorkerThread.run(SimpleThreadPool.java:546)
Caused by: groovy.lang.MissingPropertyException: No such property: ConfigurationHolder for class: us.mn.state.dot.mnroad.ExportWeatherJob
	at org.codehaus.groovy.runtime.ScriptBytecodeAdapter.unwrap(ScriptBytecodeAdapter.java:49)
	at org.codehaus.groovy.runtime.callsite.PogoGetPropertySite.getProperty(PogoGetPropertySite.java:49)
	at org.codehaus.groovy.runtime.callsite.AbstractCallSite.callGroovyObjectGetProperty(AbstractCallSite.java:239)
	at us.mn.state.dot.mnroad.ExportWeatherJob.execute(ExportWeatherJob.groovy:35)
	at sun.reflect.NativeMethodAccessorImpl.invoke0(Native Method)
	at sun.reflect.NativeMethodAccessorImpl.invoke(NativeMethodAccessorImpl.java:39)
	at sun.reflect.DelegatingMethodAccessorImpl.invoke(DelegatingMethodAccessorImpl.java:25)
	at java.lang.reflect.Method.invoke(Method.java:597)
	at org.springframework.util.ReflectionUtils.invokeMethod(ReflectionUtils.java:186)
	at org.codehaus.groovy.grails.plugins.quartz.GrailsJobFactory$GrailsTaskClassJob.execute(GrailsJobFactory.java:72)
	... 3 more
[Thu, 01-Sep-2011 @ 13:03:35.938] [http-8080-5] ERROR org.hibernate.util.JDBCExceptionReporter  - invalid schema name: MNR in statement [select this_.id as id6_0_, this_.version as version6_0_, this_.password_hash as password3_6_0_, this_.username as username6_0_ from MNR.jsec_user this_ where this_.username=?]
[Thu, 01-Sep-2011 @ 13:03:36.126] [http-8080-5] INFO  grails.app.controller.us.mn.state.dot.mnroad.AuthController  - Authentication failure (Unable to acquire account data from realm [org.jsecurity.grails.RealmWrapper@6d38e2].  The [org.jsecurity.authc.pam.AllSuccessfulModularAuthenticationStrategy implementation requires all configured realm(s) to operate successfully for a successful authentication.) for user 'carr1den'.
[Thu, 01-Sep-2011 @ 13:04:00.013] [quartzScheduler_Worker-10] ERROR org.codehaus.groovy.grails.plugins.quartz.listeners.ExceptionPrinterJobListener  - Exception occured in job: mnroad.us.mn.state.dot.mnroad.ExportWeatherJob
org.quartz.JobExecutionException: No such property: ConfigurationHolder for class: us.mn.state.dot.mnroad.ExportWeatherJob [See nested exception: groovy.lang.MissingPropertyException: No such property: ConfigurationHolder for class: us.mn.state.dot.mnroad.ExportWeatherJob]
	at org.codehaus.groovy.grails.plugins.quartz.GrailsJobFactory$GrailsTaskClassJob.execute(GrailsJobFactory.java:81)
	at org.grails.plugins.quartz.QuartzMonitorJobFactory$QuartzDisplayJob.execute(QuartzMonitorJobFactory.java:64)
	at org.quartz.core.JobRunShell.run(JobRunShell.java:199)
	at org.quartz.simpl.SimpleThreadPool$WorkerThread.run(SimpleThreadPool.java:546)
Caused by: groovy.lang.MissingPropertyException: No such property: ConfigurationHolder for class: us.mn.state.dot.mnroad.ExportWeatherJob
	at org.codehaus.groovy.runtime.ScriptBytecodeAdapter.unwrap(ScriptBytecodeAdapter.java:49)
	at org.codehaus.groovy.runtime.callsite.PogoGetPropertySite.getProperty(PogoGetPropertySite.java:49)
	at org.codehaus.groovy.runtime.callsite.AbstractCallSite.callGroovyObjectGetProperty(AbstractCallSite.java:239)
	at us.mn.state.dot.mnroad.ExportWeatherJob.execute(ExportWeatherJob.groovy:35)
	at sun.reflect.NativeMethodAccessorImpl.invoke0(Native Method)
	at sun.reflect.NativeMethodAccessorImpl.invoke(NativeMethodAccessorImpl.java:39)
	at sun.reflect.DelegatingMethodAccessorImpl.invoke(DelegatingMethodAccessorImpl.java:25)
	at java.lang.reflect.Method.invoke(Method.java:597)
	at org.springframework.util.ReflectionUtils.invokeMethod(ReflectionUtils.java:186)
	at org.codehaus.groovy.grails.plugins.quartz.GrailsJobFactory$GrailsTaskClassJob.execute(GrailsJobFactory.java:72)
	... 3 more
[Thu, 01-Sep-2011 @ 13:04:30.009] [quartzScheduler_Worker-8] ERROR org.codehaus.groovy.grails.plugins.quartz.listeners.ExceptionPrinterJobListener  - Exception occured in job: mnroad.us.mn.state.dot.mnroad.ExportWeatherJob
org.quartz.JobExecutionException: No such property: ConfigurationHolder for class: us.mn.state.dot.mnroad.ExportWeatherJob [See nested exception: groovy.lang.MissingPropertyException: No such property: ConfigurationHolder for class: us.mn.state.dot.mnroad.ExportWeatherJob]
	at org.codehaus.groovy.grails.plugins.quartz.GrailsJobFactory$GrailsTaskClassJob.execute(GrailsJobFactory.java:81)
	at org.grails.plugins.quartz.QuartzMonitorJobFactory$QuartzDisplayJob.execute(QuartzMonitorJobFactory.java:64)
	at org.quartz.core.JobRunShell.run(JobRunShell.java:199)
	at org.quartz.simpl.SimpleThreadPool$WorkerThread.run(SimpleThreadPool.java:546)
Caused by: groovy.lang.MissingPropertyException: No such property: ConfigurationHolder for class: us.mn.state.dot.mnroad.ExportWeatherJob
	at org.codehaus.groovy.runtime.ScriptBytecodeAdapter.unwrap(ScriptBytecodeAdapter.java:49)
	at org.codehaus.groovy.runtime.callsite.PogoGetPropertySite.getProperty(PogoGetPropertySite.java:49)
	at org.codehaus.groovy.runtime.callsite.AbstractCallSite.callGroovyObjectGetProperty(AbstractCallSite.java:239)
	at us.mn.state.dot.mnroad.ExportWeatherJob.execute(ExportWeatherJob.groovy:35)
	at sun.reflect.NativeMethodAccessorImpl.invoke0(Native Method)
	at sun.reflect.NativeMethodAccessorImpl.invoke(NativeMethodAccessorImpl.java:39)
	at sun.reflect.DelegatingMethodAccessorImpl.invoke(DelegatingMethodAccessorImpl.java:25)
	at java.lang.reflect.Method.invoke(Method.java:597)
	at org.springframework.util.ReflectionUtils.invokeMethod(ReflectionUtils.java:186)
	at org.codehaus.groovy.grails.plugins.quartz.GrailsJobFactory$GrailsTaskClassJob.execute(GrailsJobFactory.java:72)
	... 3 more
[Thu, 01-Sep-2011 @ 13:05:00.036] [quartzScheduler_Worker-2] ERROR org.codehaus.groovy.grails.plugins.quartz.listeners.ExceptionPrinterJobListener  - Exception occured in job: mnroad.us.mn.state.dot.mnroad.ExportWeatherJob
org.quartz.JobExecutionException: No such property: ConfigurationHolder for class: us.mn.state.dot.mnroad.ExportWeatherJob [See nested exception: groovy.lang.MissingPropertyException: No such property: ConfigurationHolder for class: us.mn.state.dot.mnroad.ExportWeatherJob]
	at org.codehaus.groovy.grails.plugins.quartz.GrailsJobFactory$GrailsTaskClassJob.execute(GrailsJobFactory.java:81)
	at org.grails.plugins.quartz.QuartzMonitorJobFactory$QuartzDisplayJob.execute(QuartzMonitorJobFactory.java:64)
	at org.quartz.core.JobRunShell.run(JobRunShell.java:199)
	at org.quartz.simpl.SimpleThreadPool$WorkerThread.run(SimpleThreadPool.java:546)
Caused by: groovy.lang.MissingPropertyException: No such property: ConfigurationHolder for class: us.mn.state.dot.mnroad.ExportWeatherJob
	at org.codehaus.groovy.runtime.ScriptBytecodeAdapter.unwrap(ScriptBytecodeAdapter.java:49)
	at org.codehaus.groovy.runtime.callsite.PogoGetPropertySite.getProperty(PogoGetPropertySite.java:49)
	at org.codehaus.groovy.runtime.callsite.AbstractCallSite.callGroovyObjectGetProperty(AbstractCallSite.java:239)
	at us.mn.state.dot.mnroad.ExportWeatherJob.execute(ExportWeatherJob.groovy:35)
	at sun.reflect.NativeMethodAccessorImpl.invoke0(Native Method)
	at sun.reflect.NativeMethodAccessorImpl.invoke(NativeMethodAccessorImpl.java:39)
	at sun.reflect.DelegatingMethodAccessorImpl.invoke(DelegatingMethodAccessorImpl.java:25)
	at java.lang.reflect.Method.invoke(Method.java:597)
	at org.springframework.util.ReflectionUtils.invokeMethod(ReflectionUtils.java:186)
	at org.codehaus.groovy.grails.plugins.quartz.GrailsJobFactory$GrailsTaskClassJob.execute(GrailsJobFactory.java:72)
	... 3 more
[Thu, 01-Sep-2011 @ 13:05:30.000] [quartzScheduler_Worker-1] ERROR org.codehaus.groovy.grails.plugins.quartz.listeners.ExceptionPrinterJobListener  - Exception occured in job: mnroad.us.mn.state.dot.mnroad.ExportWeatherJob
org.quartz.JobExecutionException: No such property: ConfigurationHolder for class: us.mn.state.dot.mnroad.ExportWeatherJob [See nested exception: groovy.lang.MissingPropertyException: No such property: ConfigurationHolder for class: us.mn.state.dot.mnroad.ExportWeatherJob]
	at org.codehaus.groovy.grails.plugins.quartz.GrailsJobFactory$GrailsTaskClassJob.execute(GrailsJobFactory.java:81)
	at org.grails.plugins.quartz.QuartzMonitorJobFactory$QuartzDisplayJob.execute(QuartzMonitorJobFactory.java:64)
	at org.quartz.core.JobRunShell.run(JobRunShell.java:199)
	at org.quartz.simpl.SimpleThreadPool$WorkerThread.run(SimpleThreadPool.java:546)
Caused by: groovy.lang.MissingPropertyException: No such property: ConfigurationHolder for class: us.mn.state.dot.mnroad.ExportWeatherJob
	at org.codehaus.groovy.runtime.ScriptBytecodeAdapter.unwrap(ScriptBytecodeAdapter.java:49)
	at org.codehaus.groovy.runtime.callsite.PogoGetPropertySite.getProperty(PogoGetPropertySite.java:49)
	at org.codehaus.groovy.runtime.callsite.AbstractCallSite.callGroovyObjectGetProperty(AbstractCallSite.java:239)
	at us.mn.state.dot.mnroad.ExportWeatherJob.execute(ExportWeatherJob.groovy:35)
	at sun.reflect.NativeMethodAccessorImpl.invoke0(Native Method)
	at sun.reflect.NativeMethodAccessorImpl.invoke(NativeMethodAccessorImpl.java:39)
	at sun.reflect.DelegatingMethodAccessorImpl.invoke(DelegatingMethodAccessorImpl.java:25)
	at java.lang.reflect.Method.invoke(Method.java:597)
	at org.springframework.util.ReflectionUtils.invokeMethod(ReflectionUtils.java:186)
	at org.codehaus.groovy.grails.plugins.quartz.GrailsJobFactory$GrailsTaskClassJob.execute(GrailsJobFactory.java:72)
	... 3 more
[Thu, 01-Sep-2011 @ 13:05:39.608] [http-8080-5] ERROR org.hibernate.util.JDBCExceptionReporter  - invalid schema name: MNR in statement [select this_.id as id6_0_, this_.version as version6_0_, this_.password_hash as password3_6_0_, this_.username as username6_0_ from MNR.jsec_user this_ where this_.username=?]
[Thu, 01-Sep-2011 @ 13:05:39.608] [http-8080-5] INFO  grails.app.controller.us.mn.state.dot.mnroad.AuthController  - Authentication failure (Unable to acquire account data from realm [org.jsecurity.grails.RealmWrapper@6d38e2].  The [org.jsecurity.authc.pam.AllSuccessfulModularAuthenticationStrategy implementation requires all configured realm(s) to operate successfully for a successful authentication.) for user 'carr1den'.
[Thu, 01-Sep-2011 @ 13:06:00.012] [quartzScheduler_Worker-4] ERROR org.codehaus.groovy.grails.plugins.quartz.listeners.ExceptionPrinterJobListener  - Exception occured in job: mnroad.us.mn.state.dot.mnroad.ExportWeatherJob
org.quartz.JobExecutionException: No such property: ConfigurationHolder for class: us.mn.state.dot.mnroad.ExportWeatherJob [See nested exception: groovy.lang.MissingPropertyException: No such property: ConfigurationHolder for class: us.mn.state.dot.mnroad.ExportWeatherJob]
	at org.codehaus.groovy.grails.plugins.quartz.GrailsJobFactory$GrailsTaskClassJob.execute(GrailsJobFactory.java:81)
	at org.grails.plugins.quartz.QuartzMonitorJobFactory$QuartzDisplayJob.execute(QuartzMonitorJobFactory.java:64)
	at org.quartz.core.JobRunShell.run(JobRunShell.java:199)
	at org.quartz.simpl.SimpleThreadPool$WorkerThread.run(SimpleThreadPool.java:546)
Caused by: groovy.lang.MissingPropertyException: No such property: ConfigurationHolder for class: us.mn.state.dot.mnroad.ExportWeatherJob
	at org.codehaus.groovy.runtime.ScriptBytecodeAdapter.unwrap(ScriptBytecodeAdapter.java:49)
	at org.codehaus.groovy.runtime.callsite.PogoGetPropertySite.getProperty(PogoGetPropertySite.java:49)
	at org.codehaus.groovy.runtime.callsite.AbstractCallSite.callGroovyObjectGetProperty(AbstractCallSite.java:239)
	at us.mn.state.dot.mnroad.ExportWeatherJob.execute(ExportWeatherJob.groovy:35)
	at sun.reflect.NativeMethodAccessorImpl.invoke0(Native Method)
	at sun.reflect.NativeMethodAccessorImpl.invoke(NativeMethodAccessorImpl.java:39)
	at sun.reflect.DelegatingMethodAccessorImpl.invoke(DelegatingMethodAccessorImpl.java:25)
	at java.lang.reflect.Method.invoke(Method.java:597)
	at org.springframework.util.ReflectionUtils.invokeMethod(ReflectionUtils.java:186)
	at org.codehaus.groovy.grails.plugins.quartz.GrailsJobFactory$GrailsTaskClassJob.execute(GrailsJobFactory.java:72)
	... 3 more
[Thu, 01-Sep-2011 @ 13:09:02.111] [http-8080-2] ERROR org.hibernate.util.JDBCExceptionReporter  - invalid schema name: MNR in statement [select this_.id as id4_0_, this_.version as version4_0_, this_.password_hash as password3_4_0_, this_.username as username4_0_ from MNR.jsec_user this_ where this_.username=?]
[Thu, 01-Sep-2011 @ 13:09:02.330] [http-8080-2] INFO  grails.app.controller.us.mn.state.dot.mnroad.AuthController  - Authentication failure (Unable to acquire account data from realm [org.jsecurity.grails.RealmWrapper@dfd7ba].  The [org.jsecurity.authc.pam.AllSuccessfulModularAuthenticationStrategy implementation requires all configured realm(s) to operate successfully for a successful authentication.) for user 'carr1den'.
[Thu, 01-Sep-2011 @ 13:09:31.685] [http-8080-2] ERROR org.hibernate.util.JDBCExceptionReporter  - invalid schema name: MNR in statement [select this_.id as id4_0_, this_.version as version4_0_, this_.password_hash as password3_4_0_, this_.username as username4_0_ from MNR.jsec_user this_ where this_.username=?]
[Thu, 01-Sep-2011 @ 13:09:31.685] [http-8080-2] INFO  grails.app.controller.us.mn.state.dot.mnroad.AuthController  - Authentication failure (Unable to acquire account data from realm [org.jsecurity.grails.RealmWrapper@dfd7ba].  The [org.jsecurity.authc.pam.AllSuccessfulModularAuthenticationStrategy implementation requires all configured realm(s) to operate successfully for a successful authentication.) for user 'carr1den'.
[Thu, 01-Sep-2011 @ 13:11:59.649] [main] ERROR org.codehaus.groovy.grails.web.context.GrailsContextLoader  - Error executing bootstraps: Error creating bean with name 'messageSource': Initialization of bean failed; nested exception is org.springframework.beans.factory.BeanCreationException: Error creating bean with name 'transactionManager': Cannot resolve reference to bean 'sessionFactory' while setting bean property 'sessionFactory'; nested exception is org.springframework.beans.factory.BeanCreationException: Error creating bean with name 'sessionFactory': Cannot resolve reference to bean 'lobHandlerDetector' while setting bean property 'lobHandler'; nested exception is org.springframework.beans.factory.BeanCreationException: Error creating bean with name 'lobHandlerDetector': Invocation of init method failed; nested exception is org.springframework.jdbc.support.MetaDataAccessException: Error while extracting DatabaseMetaData; nested exception is org.apache.commons.dbcp.SQLNestedException: Cannot create PoolableConnectionFactory (ORA-01017: invalid username/password; logon denied
)
org.springframework.beans.factory.BeanCreationException: Error creating bean with name 'messageSource': Initialization of bean failed; nested exception is org.springframework.beans.factory.BeanCreationException: Error creating bean with name 'transactionManager': Cannot resolve reference to bean 'sessionFactory' while setting bean property 'sessionFactory'; nested exception is org.springframework.beans.factory.BeanCreationException: Error creating bean with name 'sessionFactory': Cannot resolve reference to bean 'lobHandlerDetector' while setting bean property 'lobHandler'; nested exception is org.springframework.beans.factory.BeanCreationException: Error creating bean with name 'lobHandlerDetector': Invocation of init method failed; nested exception is org.springframework.jdbc.support.MetaDataAccessException: Error while extracting DatabaseMetaData; nested exception is org.apache.commons.dbcp.SQLNestedException: Cannot create PoolableConnectionFactory (ORA-01017: invalid username/password; logon denied
)
	at org.grails.tomcat.TomcatServer.start(TomcatServer.groovy:212)
	at grails.web.container.EmbeddableServer$start.call(Unknown Source)
	at _GrailsRun_groovy$_run_closure5_closure12.doCall(_GrailsRun_groovy:158)
	at _GrailsRun_groovy$_run_closure5_closure12.doCall(_GrailsRun_groovy)
	at _GrailsSettings_groovy$_run_closure10.doCall(_GrailsSettings_groovy:280)
	at _GrailsSettings_groovy$_run_closure10.call(_GrailsSettings_groovy)
	at _GrailsRun_groovy$_run_closure5.doCall(_GrailsRun_groovy:149)
	at _GrailsRun_groovy$_run_closure5.call(_GrailsRun_groovy)
	at _GrailsRun_groovy.runInline(_GrailsRun_groovy:116)
	at _GrailsRun_groovy.this$4$runInline(_GrailsRun_groovy)
	at _GrailsRun_groovy$_run_closure1.doCall(_GrailsRun_groovy:59)
	at RunApp$_run_closure1.doCall(RunApp.groovy:33)
	at gant.Gant$_dispatch_closure5.doCall(Gant.groovy:381)
	at gant.Gant$_dispatch_closure7.doCall(Gant.groovy:415)
	at gant.Gant$_dispatch_closure7.doCall(Gant.groovy)
	at gant.Gant.withBuildListeners(Gant.groovy:427)
	at gant.Gant.this$2$withBuildListeners(Gant.groovy)
	at gant.Gant$this$2$withBuildListeners.callCurrent(Unknown Source)
	at gant.Gant.dispatch(Gant.groovy:415)
	at gant.Gant.this$2$dispatch(Gant.groovy)
	at gant.Gant.invokeMethod(Gant.groovy)
	at gant.Gant.executeTargets(Gant.groovy:590)
	at gant.Gant.executeTargets(Gant.groovy:589)
Caused by: org.springframework.beans.factory.BeanCreationException: Error creating bean with name 'transactionManager': Cannot resolve reference to bean 'sessionFactory' while setting bean property 'sessionFactory'; nested exception is org.springframework.beans.factory.BeanCreationException: Error creating bean with name 'sessionFactory': Cannot resolve reference to bean 'lobHandlerDetector' while setting bean property 'lobHandler'; nested exception is org.springframework.beans.factory.BeanCreationException: Error creating bean with name 'lobHandlerDetector': Invocation of init method failed; nested exception is org.springframework.jdbc.support.MetaDataAccessException: Error while extracting DatabaseMetaData; nested exception is org.apache.commons.dbcp.SQLNestedException: Cannot create PoolableConnectionFactory (ORA-01017: invalid username/password; logon denied
)
	... 23 more
Caused by: org.springframework.beans.factory.BeanCreationException: Error creating bean with name 'sessionFactory': Cannot resolve reference to bean 'lobHandlerDetector' while setting bean property 'lobHandler'; nested exception is org.springframework.beans.factory.BeanCreationException: Error creating bean with name 'lobHandlerDetector': Invocation of init method failed; nested exception is org.springframework.jdbc.support.MetaDataAccessException: Error while extracting DatabaseMetaData; nested exception is org.apache.commons.dbcp.SQLNestedException: Cannot create PoolableConnectionFactory (ORA-01017: invalid username/password; logon denied
)
	... 23 more
Caused by: org.springframework.beans.factory.BeanCreationException: Error creating bean with name 'lobHandlerDetector': Invocation of init method failed; nested exception is org.springframework.jdbc.support.MetaDataAccessException: Error while extracting DatabaseMetaData; nested exception is org.apache.commons.dbcp.SQLNestedException: Cannot create PoolableConnectionFactory (ORA-01017: invalid username/password; logon denied
)
	... 23 more
Caused by: org.springframework.jdbc.support.MetaDataAccessException: Error while extracting DatabaseMetaData; nested exception is org.apache.commons.dbcp.SQLNestedException: Cannot create PoolableConnectionFactory (ORA-01017: invalid username/password; logon denied
)
	... 23 more
Caused by: org.apache.commons.dbcp.SQLNestedException: Cannot create PoolableConnectionFactory (ORA-01017: invalid username/password; logon denied
)
	at org.apache.commons.dbcp.BasicDataSource.createPoolableConnectionFactory(BasicDataSource.java:1549)
	at org.apache.commons.dbcp.BasicDataSource.createDataSource(BasicDataSource.java:1388)
	at org.apache.commons.dbcp.BasicDataSource.getConnection(BasicDataSource.java:1044)
	at $Proxy10.getMetaData(Unknown Source)
	... 23 more
Caused by: java.sql.SQLException: ORA-01017: invalid username/password; logon denied

	at oracle.jdbc.driver.SQLStateMapping.newSQLException(SQLStateMapping.java:70)
	at oracle.jdbc.driver.DatabaseError.newSQLException(DatabaseError.java:133)
	at oracle.jdbc.driver.DatabaseError.throwSqlException(DatabaseError.java:206)
	at oracle.jdbc.driver.T4CTTIoer.processError(T4CTTIoer.java:455)
	at oracle.jdbc.driver.T4CTTIoer.processError(T4CTTIoer.java:406)
	at oracle.jdbc.driver.T4CTTIoer.processError(T4CTTIoer.java:399)
	at oracle.jdbc.driver.T4CTTIoauthenticate.receiveOauth(T4CTTIoauthenticate.java:799)
	at oracle.jdbc.driver.T4CConnection.logon(T4CConnection.java:368)
	at oracle.jdbc.driver.PhysicalConnection.<init>(PhysicalConnection.java:508)
	at oracle.jdbc.driver.T4CConnection.<init>(T4CConnection.java:203)
	at oracle.jdbc.driver.T4CDriverExtension.getConnection(T4CDriverExtension.java:33)
	at oracle.jdbc.driver.OracleDriver.connect(OracleDriver.java:510)
	at org.apache.commons.dbcp.DriverConnectionFactory.createConnection(DriverConnectionFactory.java:38)
	at org.apache.commons.dbcp.PoolableConnectionFactory.makeObject(PoolableConnectionFactory.java:582)
	at org.apache.commons.dbcp.BasicDataSource.validateConnectionFactory(BasicDataSource.java:1556)
	at org.apache.commons.dbcp.BasicDataSource.createPoolableConnectionFactory(BasicDataSource.java:1545)
	... 26 more
[Thu, 01-Sep-2011 @ 13:14:31.096] [http-8080-2] INFO  grails.app.controller.us.mn.state.dot.mnroad.AuthController  - Redirecting to '/'.
[Thu, 01-Sep-2011 @ 13:27:09.380] [http-8080-2] ERROR org.codehaus.groovy.grails.web.servlet.view.GroovyPageView  - Error processing GroovyPageView: Error executing tag <g:form>: Error evaluating expression [jobSetupInstance.prettyParameterMap()] on line [81]: line 1:2: unexpected token: null at C:/grailsApps/1.3.7/jobshed/grails-app/views/jobSetup/edit.gsp:102
org.codehaus.groovy.grails.web.taglib.exceptions.GrailsTagException: Error executing tag <g:form>: Error evaluating expression [jobSetupInstance.prettyParameterMap()] on line [81]: line 1:2: unexpected token: null at C:/grailsApps/1.3.7/jobshed/grails-app/views/jobSetup/edit.gsp:102
	at C__grailsApps_1_3_7_jobshed_grails_app_views_jobSetup_edit_gsp$_run_closure2.doCall(C__grailsApps_1_3_7_jobshed_grails_app_views_jobSetup_edit_gsp:117)
	at C__grailsApps_1_3_7_jobshed_grails_app_views_jobSetup_edit_gsp$_run_closure2.doCall(C__grailsApps_1_3_7_jobshed_grails_app_views_jobSetup_edit_gsp)
	at C__grailsApps_1_3_7_jobshed_grails_app_views_jobSetup_edit_gsp.run(C__grailsApps_1_3_7_jobshed_grails_app_views_jobSetup_edit_gsp:120)
	at org.jsecurity.web.servlet.JSecurityFilter.doFilterInternal(JSecurityFilter.java:384)
	at org.jsecurity.web.servlet.OncePerRequestFilter.doFilter(OncePerRequestFilter.java:183)
	at java.lang.Thread.run(Thread.java:619)
Caused by: org.codehaus.groovy.grails.web.pages.exceptions.GroovyPagesException: Error evaluating expression [jobSetupInstance.prettyParameterMap()] on line [81]: line 1:2: unexpected token: null
	at C__grailsApps_1_3_7_jobshed_grails_app_views_jobSetup_edit_gsp$_run_closure2_closure30.doCall(C__grailsApps_1_3_7_jobshed_grails_app_views_jobSetup_edit_gsp:110)
	at C__grailsApps_1_3_7_jobshed_grails_app_views_jobSetup_edit_gsp$_run_closure2_closure30.doCall(C__grailsApps_1_3_7_jobshed_grails_app_views_jobSetup_edit_gsp)
	... 6 more
Caused by: org.codehaus.groovy.runtime.InvokerInvocationException: line 1:2: unexpected token: null
	... 8 more
Caused by: line 1:2: unexpected token: null
	at com.sdicons.json.parser.impl.JSONParserAntlr.object(JSONParserAntlr.java:129)
	at com.sdicons.json.parser.impl.JSONParserAntlr.value(JSONParserAntlr.java:57)
	at com.sdicons.json.parser.JSONParser.nextValue(JSONParser.java:96)
	at com.sdicons.json.parser.JSONParser$nextValue.call(Unknown Source)
	at us.mn.state.dot.mnroad.JobSetup.prettyParameterMap(JobSetup.groovy:147)
	at us.mn.state.dot.mnroad.JobSetup$prettyParameterMap.call(Unknown Source)
	at C__grailsApps_1_3_7_jobshed_grails_app_views_jobSetup_edit_gsp$_run_closure2_closure30_closure68.doCall(C__grailsApps_1_3_7_jobshed_grails_app_views_jobSetup_edit_gsp:110)
	... 8 more
[Thu, 01-Sep-2011 @ 13:27:09.474] [http-8080-2] ERROR org.codehaus.groovy.grails.web.errors.GrailsExceptionResolver  - Exception occurred when processing request: [POST] /jobshed/ - parameters:
id: 778
_action_edit: Edit
Stacktrace follows:
org.codehaus.groovy.grails.web.pages.exceptions.GroovyPagesException: Error processing GroovyPageView: Error executing tag <g:form>: Error evaluating expression [jobSetupInstance.prettyParameterMap()] on line [81]: line 1:2: unexpected token: null at C:/grailsApps/1.3.7/jobshed/grails-app/views/jobSetup/edit.gsp:102
	at org.jsecurity.web.servlet.JSecurityFilter.doFilterInternal(JSecurityFilter.java:384)
	at org.jsecurity.web.servlet.OncePerRequestFilter.doFilter(OncePerRequestFilter.java:183)
	at java.lang.Thread.run(Thread.java:619)
Caused by: org.codehaus.groovy.grails.web.taglib.exceptions.GrailsTagException: Error executing tag <g:form>: Error evaluating expression [jobSetupInstance.prettyParameterMap()] on line [81]: line 1:2: unexpected token: null at C:/grailsApps/1.3.7/jobshed/grails-app/views/jobSetup/edit.gsp:102
	at C__grailsApps_1_3_7_jobshed_grails_app_views_jobSetup_edit_gsp$_run_closure2.doCall(C__grailsApps_1_3_7_jobshed_grails_app_views_jobSetup_edit_gsp:117)
	at C__grailsApps_1_3_7_jobshed_grails_app_views_jobSetup_edit_gsp$_run_closure2.doCall(C__grailsApps_1_3_7_jobshed_grails_app_views_jobSetup_edit_gsp)
	at C__grailsApps_1_3_7_jobshed_grails_app_views_jobSetup_edit_gsp.run(C__grailsApps_1_3_7_jobshed_grails_app_views_jobSetup_edit_gsp:120)
	... 3 more
Caused by: org.codehaus.groovy.grails.web.pages.exceptions.GroovyPagesException: Error evaluating expression [jobSetupInstance.prettyParameterMap()] on line [81]: line 1:2: unexpected token: null
	at C__grailsApps_1_3_7_jobshed_grails_app_views_jobSetup_edit_gsp$_run_closure2_closure30.doCall(C__grailsApps_1_3_7_jobshed_grails_app_views_jobSetup_edit_gsp:110)
	at C__grailsApps_1_3_7_jobshed_grails_app_views_jobSetup_edit_gsp$_run_closure2_closure30.doCall(C__grailsApps_1_3_7_jobshed_grails_app_views_jobSetup_edit_gsp)
	... 6 more
Caused by: org.codehaus.groovy.runtime.InvokerInvocationException: line 1:2: unexpected token: null
	... 8 more
Caused by: line 1:2: unexpected token: null
	at com.sdicons.json.parser.impl.JSONParserAntlr.object(JSONParserAntlr.java:129)
	at com.sdicons.json.parser.impl.JSONParserAntlr.value(JSONParserAntlr.java:57)
	at com.sdicons.json.parser.JSONParser.nextValue(JSONParser.java:96)
	at com.sdicons.json.parser.JSONParser$nextValue.call(Unknown Source)
	at us.mn.state.dot.mnroad.JobSetup.prettyParameterMap(JobSetup.groovy:147)
	at us.mn.state.dot.mnroad.JobSetup$prettyParameterMap.call(Unknown Source)
	at C__grailsApps_1_3_7_jobshed_grails_app_views_jobSetup_edit_gsp$_run_closure2_closure30_closure68.doCall(C__grailsApps_1_3_7_jobshed_grails_app_views_jobSetup_edit_gsp:110)
	... 8 more
[Thu, 01-Sep-2011 @ 13:28:09.106] [http-8080-5] ERROR grails.app.controller.us.mn.state.dot.mnroad.JobSetupController  - The class for job name ExportWeather was not found.
[Thu, 01-Sep-2011 @ 13:28:09.668] [http-8080-5] ERROR org.codehaus.groovy.grails.web.servlet.view.GroovyPageView  - Error processing GroovyPageView: Error executing tag <g:link>: Error evaluating expression [jobSetupInstance.jobName.substring(23)] on line [35]: String index out of range: -10 at C:/grailsApps/1.3.7/jobshed/grails-app/views/jobSetup/list.gsp:35
org.codehaus.groovy.grails.web.taglib.exceptions.GrailsTagException: Error executing tag <g:link>: Error evaluating expression [jobSetupInstance.jobName.substring(23)] on line [35]: String index out of range: -10 at C:/grailsApps/1.3.7/jobshed/grails-app/views/jobSetup/list.gsp:35
	at C__grailsApps_1_3_7_jobshed_grails_app_views_jobSetup_list_gsp$_run_closure2_closure27.doCall(C__grailsApps_1_3_7_jobshed_grails_app_views_jobSetup_list_gsp:69)
	at C__grailsApps_1_3_7_jobshed_grails_app_views_jobSetup_list_gsp$_run_closure2.doCall(C__grailsApps_1_3_7_jobshed_grails_app_views_jobSetup_list_gsp:62)
	at C__grailsApps_1_3_7_jobshed_grails_app_views_jobSetup_list_gsp$_run_closure2.doCall(C__grailsApps_1_3_7_jobshed_grails_app_views_jobSetup_list_gsp)
	at C__grailsApps_1_3_7_jobshed_grails_app_views_jobSetup_list_gsp.run(C__grailsApps_1_3_7_jobshed_grails_app_views_jobSetup_list_gsp:84)
	at org.jsecurity.web.servlet.JSecurityFilter.doFilterInternal(JSecurityFilter.java:384)
	at org.jsecurity.web.servlet.OncePerRequestFilter.doFilter(OncePerRequestFilter.java:183)
	at java.lang.Thread.run(Thread.java:619)
Caused by: org.codehaus.groovy.grails.web.pages.exceptions.GroovyPagesException: Error evaluating expression [jobSetupInstance.jobName.substring(23)] on line [35]: String index out of range: -10
	at C__grailsApps_1_3_7_jobshed_grails_app_views_jobSetup_list_gsp$_run_closure2_closure27_closure32.doCall(C__grailsApps_1_3_7_jobshed_grails_app_views_jobSetup_list_gsp:67)
	at C__grailsApps_1_3_7_jobshed_grails_app_views_jobSetup_list_gsp$_run_closure2_closure27_closure32.doCall(C__grailsApps_1_3_7_jobshed_grails_app_views_jobSetup_list_gsp)
	... 7 more
Caused by: java.lang.StringIndexOutOfBoundsException: String index out of range: -10
	at java.lang.String.substring(String.java:1938)
	at java.lang.String.substring(String.java:1905)
	at java_lang_String$substring$0.call(Unknown Source)
	at C__grailsApps_1_3_7_jobshed_grails_app_views_jobSetup_list_gsp$_run_closure2_closure27_closure32_closure39.doCall(C__grailsApps_1_3_7_jobshed_grails_app_views_jobSetup_list_gsp:67)
	... 9 more
[Thu, 01-Sep-2011 @ 13:28:09.871] [http-8080-5] ERROR org.codehaus.groovy.grails.web.errors.GrailsExceptionResolver  - Exception occurred when processing request: [GET] /jobshed/jobSetup/list
Stacktrace follows:
org.codehaus.groovy.grails.web.pages.exceptions.GroovyPagesException: Error processing GroovyPageView: Error executing tag <g:link>: Error evaluating expression [jobSetupInstance.jobName.substring(23)] on line [35]: String index out of range: -10 at C:/grailsApps/1.3.7/jobshed/grails-app/views/jobSetup/list.gsp:35
	at org.jsecurity.web.servlet.JSecurityFilter.doFilterInternal(JSecurityFilter.java:384)
	at org.jsecurity.web.servlet.OncePerRequestFilter.doFilter(OncePerRequestFilter.java:183)
	at java.lang.Thread.run(Thread.java:619)
Caused by: org.codehaus.groovy.grails.web.taglib.exceptions.GrailsTagException: Error executing tag <g:link>: Error evaluating expression [jobSetupInstance.jobName.substring(23)] on line [35]: String index out of range: -10 at C:/grailsApps/1.3.7/jobshed/grails-app/views/jobSetup/list.gsp:35
	at C__grailsApps_1_3_7_jobshed_grails_app_views_jobSetup_list_gsp$_run_closure2_closure27.doCall(C__grailsApps_1_3_7_jobshed_grails_app_views_jobSetup_list_gsp:69)
	at C__grailsApps_1_3_7_jobshed_grails_app_views_jobSetup_list_gsp$_run_closure2.doCall(C__grailsApps_1_3_7_jobshed_grails_app_views_jobSetup_list_gsp:62)
	at C__grailsApps_1_3_7_jobshed_grails_app_views_jobSetup_list_gsp$_run_closure2.doCall(C__grailsApps_1_3_7_jobshed_grails_app_views_jobSetup_list_gsp)
	at C__grailsApps_1_3_7_jobshed_grails_app_views_jobSetup_list_gsp.run(C__grailsApps_1_3_7_jobshed_grails_app_views_jobSetup_list_gsp:84)
	... 3 more
Caused by: org.codehaus.groovy.grails.web.pages.exceptions.GroovyPagesException: Error evaluating expression [jobSetupInstance.jobName.substring(23)] on line [35]: String index out of range: -10
	at C__grailsApps_1_3_7_jobshed_grails_app_views_jobSetup_list_gsp$_run_closure2_closure27_closure32.doCall(C__grailsApps_1_3_7_jobshed_grails_app_views_jobSetup_list_gsp:67)
	at C__grailsApps_1_3_7_jobshed_grails_app_views_jobSetup_list_gsp$_run_closure2_closure27_closure32.doCall(C__grailsApps_1_3_7_jobshed_grails_app_views_jobSetup_list_gsp)
	... 7 more
Caused by: java.lang.StringIndexOutOfBoundsException: String index out of range: -10
	at java.lang.String.substring(String.java:1938)
	at java.lang.String.substring(String.java:1905)
	at java_lang_String$substring$0.call(Unknown Source)
	at C__grailsApps_1_3_7_jobshed_grails_app_views_jobSetup_list_gsp$_run_closure2_closure27_closure32_closure39.doCall(C__grailsApps_1_3_7_jobshed_grails_app_views_jobSetup_list_gsp:67)
	... 9 more
[Thu, 01-Sep-2011 @ 13:28:23.432] [http-8080-5] ERROR grails.app.controller.us.mn.state.dot.mnroad.JobSetupController  - The class for job name ExportWeather was not found.
[Thu, 01-Sep-2011 @ 13:28:23.557] [http-8080-5] ERROR org.codehaus.groovy.grails.web.servlet.view.GroovyPageView  - Error processing GroovyPageView: Error executing tag <g:link>: Error evaluating expression [jobSetupInstance.jobName.substring(23)] on line [35]: String index out of range: -10 at C:/grailsApps/1.3.7/jobshed/grails-app/views/jobSetup/list.gsp:35
org.codehaus.groovy.grails.web.taglib.exceptions.GrailsTagException: Error executing tag <g:link>: Error evaluating expression [jobSetupInstance.jobName.substring(23)] on line [35]: String index out of range: -10 at C:/grailsApps/1.3.7/jobshed/grails-app/views/jobSetup/list.gsp:35
	at C__grailsApps_1_3_7_jobshed_grails_app_views_jobSetup_list_gsp$_run_closure2_closure27.doCall(C__grailsApps_1_3_7_jobshed_grails_app_views_jobSetup_list_gsp:69)
	at C__grailsApps_1_3_7_jobshed_grails_app_views_jobSetup_list_gsp$_run_closure2.doCall(C__grailsApps_1_3_7_jobshed_grails_app_views_jobSetup_list_gsp:62)
	at C__grailsApps_1_3_7_jobshed_grails_app_views_jobSetup_list_gsp$_run_closure2.doCall(C__grailsApps_1_3_7_jobshed_grails_app_views_jobSetup_list_gsp)
	at C__grailsApps_1_3_7_jobshed_grails_app_views_jobSetup_list_gsp.run(C__grailsApps_1_3_7_jobshed_grails_app_views_jobSetup_list_gsp:84)
	at org.jsecurity.web.servlet.JSecurityFilter.doFilterInternal(JSecurityFilter.java:384)
	at org.jsecurity.web.servlet.OncePerRequestFilter.doFilter(OncePerRequestFilter.java:183)
	at java.lang.Thread.run(Thread.java:619)
Caused by: org.codehaus.groovy.grails.web.pages.exceptions.GroovyPagesException: Error evaluating expression [jobSetupInstance.jobName.substring(23)] on line [35]: String index out of range: -10
	at C__grailsApps_1_3_7_jobshed_grails_app_views_jobSetup_list_gsp$_run_closure2_closure27_closure32.doCall(C__grailsApps_1_3_7_jobshed_grails_app_views_jobSetup_list_gsp:67)
	at C__grailsApps_1_3_7_jobshed_grails_app_views_jobSetup_list_gsp$_run_closure2_closure27_closure32.doCall(C__grailsApps_1_3_7_jobshed_grails_app_views_jobSetup_list_gsp)
	... 7 more
Caused by: java.lang.StringIndexOutOfBoundsException: String index out of range: -10
	at java.lang.String.substring(String.java:1938)
	at java.lang.String.substring(String.java:1905)
	at java_lang_String$substring$0.call(Unknown Source)
	at C__grailsApps_1_3_7_jobshed_grails_app_views_jobSetup_list_gsp$_run_closure2_closure27_closure32_closure39.doCall(C__grailsApps_1_3_7_jobshed_grails_app_views_jobSetup_list_gsp:67)
	... 9 more
[Thu, 01-Sep-2011 @ 13:28:23.635] [http-8080-5] ERROR org.codehaus.groovy.grails.web.errors.GrailsExceptionResolver  - Exception occurred when processing request: [GET] /jobshed/jobSetup/list
Stacktrace follows:
org.codehaus.groovy.grails.web.pages.exceptions.GroovyPagesException: Error processing GroovyPageView: Error executing tag <g:link>: Error evaluating expression [jobSetupInstance.jobName.substring(23)] on line [35]: String index out of range: -10 at C:/grailsApps/1.3.7/jobshed/grails-app/views/jobSetup/list.gsp:35
	at org.jsecurity.web.servlet.JSecurityFilter.doFilterInternal(JSecurityFilter.java:384)
	at org.jsecurity.web.servlet.OncePerRequestFilter.doFilter(OncePerRequestFilter.java:183)
	at java.lang.Thread.run(Thread.java:619)
Caused by: org.codehaus.groovy.grails.web.taglib.exceptions.GrailsTagException: Error executing tag <g:link>: Error evaluating expression [jobSetupInstance.jobName.substring(23)] on line [35]: String index out of range: -10 at C:/grailsApps/1.3.7/jobshed/grails-app/views/jobSetup/list.gsp:35
	at C__grailsApps_1_3_7_jobshed_grails_app_views_jobSetup_list_gsp$_run_closure2_closure27.doCall(C__grailsApps_1_3_7_jobshed_grails_app_views_jobSetup_list_gsp:69)
	at C__grailsApps_1_3_7_jobshed_grails_app_views_jobSetup_list_gsp$_run_closure2.doCall(C__grailsApps_1_3_7_jobshed_grails_app_views_jobSetup_list_gsp:62)
	at C__grailsApps_1_3_7_jobshed_grails_app_views_jobSetup_list_gsp$_run_closure2.doCall(C__grailsApps_1_3_7_jobshed_grails_app_views_jobSetup_list_gsp)
	at C__grailsApps_1_3_7_jobshed_grails_app_views_jobSetup_list_gsp.run(C__grailsApps_1_3_7_jobshed_grails_app_views_jobSetup_list_gsp:84)
	... 3 more
Caused by: org.codehaus.groovy.grails.web.pages.exceptions.GroovyPagesException: Error evaluating expression [jobSetupInstance.jobName.substring(23)] on line [35]: String index out of range: -10
	at C__grailsApps_1_3_7_jobshed_grails_app_views_jobSetup_list_gsp$_run_closure2_closure27_closure32.doCall(C__grailsApps_1_3_7_jobshed_grails_app_views_jobSetup_list_gsp:67)
	at C__grailsApps_1_3_7_jobshed_grails_app_views_jobSetup_list_gsp$_run_closure2_closure27_closure32.doCall(C__grailsApps_1_3_7_jobshed_grails_app_views_jobSetup_list_gsp)
	... 7 more
Caused by: java.lang.StringIndexOutOfBoundsException: String index out of range: -10
	at java.lang.String.substring(String.java:1938)
	at java.lang.String.substring(String.java:1905)
	at java_lang_String$substring$0.call(Unknown Source)
	at C__grailsApps_1_3_7_jobshed_grails_app_views_jobSetup_list_gsp$_run_closure2_closure27_closure32_closure39.doCall(C__grailsApps_1_3_7_jobshed_grails_app_views_jobSetup_list_gsp:67)
	... 9 more
[Thu, 01-Sep-2011 @ 13:35:32.137] [http-8080-2] INFO  grails.app.controller.us.mn.state.dot.mnroad.AuthController  - Redirecting to '/'.
[Thu, 01-Sep-2011 @ 13:42:54.356] [http-8080-2] ERROR org.apache.catalina.core.ContainerBase.[Tomcat].[localhost].[/jobshed]  - Unhandled exception occurred whilst decorating page
org.codehaus.groovy.control.MultipleCompilationErrorsException: startup failed:
C:\grailsApps\1.3.7\jobshed\grails-app\controllers\us\mn\state\dot\mnroad\JobSetupController.groovy: 46: unexpected char: '\' @ line 46, column 47.
   ance.parameterMap = "{rdrive:C\:,dataPro
                                 ^

1 error

	at org.codehaus.groovy.control.ErrorCollector.failIfErrors(ErrorCollector.java:302)
	at org.codehaus.groovy.control.ErrorCollector.addFatalError(ErrorCollector.java:149)
	at org.codehaus.groovy.control.ErrorCollector.addError(ErrorCollector.java:119)
	at org.codehaus.groovy.control.ErrorCollector.addError(ErrorCollector.java:131)
	at org.codehaus.groovy.control.SourceUnit.addError(SourceUnit.java:356)
	at org.codehaus.groovy.antlr.AntlrParserPlugin.transformCSTIntoAST(AntlrParserPlugin.java:101)
	at org.codehaus.groovy.antlr.AntlrParserPlugin.parseCST(AntlrParserPlugin.java:73)
	at org.codehaus.groovy.control.SourceUnit.parse(SourceUnit.java:236)
	at org.codehaus.groovy.control.CompilationUnit$1.call(CompilationUnit.java:157)
	at org.codehaus.groovy.control.CompilationUnit.applyToSourceUnits(CompilationUnit.java:824)
	at org.codehaus.groovy.control.CompilationUnit.doPhaseOperation(CompilationUnit.java:521)
	at org.codehaus.groovy.control.CompilationUnit.processPhaseOperations(CompilationUnit.java:497)
	at org.codehaus.groovy.control.CompilationUnit.compile(CompilationUnit.java:474)
	at groovy.lang.GroovyClassLoader.doParseClass(GroovyClassLoader.java:306)
	at groovy.lang.GroovyClassLoader.parseClass(GroovyClassLoader.java:287)
	at groovy.lang.GroovyClassLoader.parseClass(GroovyClassLoader.java:267)
	at groovy.lang.GroovyClassLoader.parseClass(GroovyClassLoader.java:214)
	at org.codehaus.groovy.grails.compiler.GrailsClassLoader.reloadClass(GrailsClassLoader.java:88)
	at org.codehaus.groovy.grails.plugins.DefaultGrailsPlugin.attemptClassReload(DefaultGrailsPlugin.java:932)
	at org.codehaus.groovy.grails.plugins.DefaultGrailsPlugin.fireModifiedEvent(DefaultGrailsPlugin.java:893)
	at org.codehaus.groovy.grails.plugins.DefaultGrailsPlugin.checkForChanges(DefaultGrailsPlugin.java:752)
	at org.codehaus.groovy.grails.plugins.DefaultGrailsPluginManager.checkForChanges(DefaultGrailsPluginManager.java:645)
	at org.codehaus.groovy.grails.plugins.DefaultGrailsPluginManager$GrailsPluginChangeChecker$1.run(DefaultGrailsPluginManager.java:1897)
[Thu, 01-Sep-2011 @ 13:42:54.356] [http-8080-2] ERROR org.apache.catalina.core.ContainerBase.[Tomcat].[localhost].[/jobshed].[default]  - Servlet.service() for servlet default threw exception
org.codehaus.groovy.control.MultipleCompilationErrorsException: startup failed:
C:\grailsApps\1.3.7\jobshed\grails-app\controllers\us\mn\state\dot\mnroad\JobSetupController.groovy: 46: unexpected char: '\' @ line 46, column 47.
   ance.parameterMap = "{rdrive:C\:,dataPro
                                 ^

1 error

	at org.codehaus.groovy.control.ErrorCollector.failIfErrors(ErrorCollector.java:302)
	at org.codehaus.groovy.control.ErrorCollector.addFatalError(ErrorCollector.java:149)
	at org.codehaus.groovy.control.ErrorCollector.addError(ErrorCollector.java:119)
	at org.codehaus.groovy.control.ErrorCollector.addError(ErrorCollector.java:131)
	at org.codehaus.groovy.control.SourceUnit.addError(SourceUnit.java:356)
	at org.codehaus.groovy.antlr.AntlrParserPlugin.transformCSTIntoAST(AntlrParserPlugin.java:101)
	at org.codehaus.groovy.antlr.AntlrParserPlugin.parseCST(AntlrParserPlugin.java:73)
	at org.codehaus.groovy.control.SourceUnit.parse(SourceUnit.java:236)
	at org.codehaus.groovy.control.CompilationUnit$1.call(CompilationUnit.java:157)
	at org.codehaus.groovy.control.CompilationUnit.applyToSourceUnits(CompilationUnit.java:824)
	at org.codehaus.groovy.control.CompilationUnit.doPhaseOperation(CompilationUnit.java:521)
	at org.codehaus.groovy.control.CompilationUnit.processPhaseOperations(CompilationUnit.java:497)
	at org.codehaus.groovy.control.CompilationUnit.compile(CompilationUnit.java:474)
	at groovy.lang.GroovyClassLoader.doParseClass(GroovyClassLoader.java:306)
	at groovy.lang.GroovyClassLoader.parseClass(GroovyClassLoader.java:287)
	at groovy.lang.GroovyClassLoader.parseClass(GroovyClassLoader.java:267)
	at groovy.lang.GroovyClassLoader.parseClass(GroovyClassLoader.java:214)
	at org.codehaus.groovy.grails.compiler.GrailsClassLoader.reloadClass(GrailsClassLoader.java:88)
	at org.codehaus.groovy.grails.plugins.DefaultGrailsPlugin.attemptClassReload(DefaultGrailsPlugin.java:932)
	at org.codehaus.groovy.grails.plugins.DefaultGrailsPlugin.fireModifiedEvent(DefaultGrailsPlugin.java:893)
	at org.codehaus.groovy.grails.plugins.DefaultGrailsPlugin.checkForChanges(DefaultGrailsPlugin.java:752)
	at org.codehaus.groovy.grails.plugins.DefaultGrailsPluginManager.checkForChanges(DefaultGrailsPluginManager.java:645)
	at org.codehaus.groovy.grails.plugins.DefaultGrailsPluginManager$GrailsPluginChangeChecker$1.run(DefaultGrailsPluginManager.java:1897)
[Thu, 01-Sep-2011 @ 13:46:44.777] [http-8080-2] ERROR org.codehaus.groovy.grails.web.servlet.view.GroovyPageView  - Error processing GroovyPageView: Error executing tag <g:form>: Error evaluating expression [jobSetupInstance.prettyParameterMap()] on line [81]: line 1:70: expecting STRING, found '}' at C:/grailsApps/1.3.7/jobshed/grails-app/views/jobSetup/edit.gsp:102
org.codehaus.groovy.grails.web.taglib.exceptions.GrailsTagException: Error executing tag <g:form>: Error evaluating expression [jobSetupInstance.prettyParameterMap()] on line [81]: line 1:70: expecting STRING, found '}' at C:/grailsApps/1.3.7/jobshed/grails-app/views/jobSetup/edit.gsp:102
	at C__grailsApps_1_3_7_jobshed_grails_app_views_jobSetup_edit_gsp$_run_closure2.doCall(C__grailsApps_1_3_7_jobshed_grails_app_views_jobSetup_edit_gsp:117)
	at C__grailsApps_1_3_7_jobshed_grails_app_views_jobSetup_edit_gsp$_run_closure2.doCall(C__grailsApps_1_3_7_jobshed_grails_app_views_jobSetup_edit_gsp)
	at C__grailsApps_1_3_7_jobshed_grails_app_views_jobSetup_edit_gsp.run(C__grailsApps_1_3_7_jobshed_grails_app_views_jobSetup_edit_gsp:120)
	at org.jsecurity.web.servlet.JSecurityFilter.doFilterInternal(JSecurityFilter.java:384)
	at org.jsecurity.web.servlet.OncePerRequestFilter.doFilter(OncePerRequestFilter.java:183)
	at java.lang.Thread.run(Thread.java:619)
Caused by: org.codehaus.groovy.grails.web.pages.exceptions.GroovyPagesException: Error evaluating expression [jobSetupInstance.prettyParameterMap()] on line [81]: line 1:70: expecting STRING, found '}'
	at C__grailsApps_1_3_7_jobshed_grails_app_views_jobSetup_edit_gsp$_run_closure2_closure30.doCall(C__grailsApps_1_3_7_jobshed_grails_app_views_jobSetup_edit_gsp:110)
	at C__grailsApps_1_3_7_jobshed_grails_app_views_jobSetup_edit_gsp$_run_closure2_closure30.doCall(C__grailsApps_1_3_7_jobshed_grails_app_views_jobSetup_edit_gsp)
	... 6 more
Caused by: org.codehaus.groovy.runtime.InvokerInvocationException: line 1:70: expecting STRING, found '}'
	... 8 more
Caused by: line 1:70: expecting STRING, found '}'
	at antlr.Parser.match(Parser.java:211)
	at com.sdicons.json.parser.impl.JSONParserAntlr.object(JSONParserAntlr.java:110)
	at com.sdicons.json.parser.impl.JSONParserAntlr.value(JSONParserAntlr.java:57)
	at com.sdicons.json.parser.JSONParser.nextValue(JSONParser.java:96)
	at com.sdicons.json.parser.JSONParser$nextValue.call(Unknown Source)
	at us.mn.state.dot.mnroad.JobSetup.prettyParameterMap(JobSetup.groovy:147)
	at us.mn.state.dot.mnroad.JobSetup$prettyParameterMap.call(Unknown Source)
	at C__grailsApps_1_3_7_jobshed_grails_app_views_jobSetup_edit_gsp$_run_closure2_closure30_closure68.doCall(C__grailsApps_1_3_7_jobshed_grails_app_views_jobSetup_edit_gsp:110)
	... 8 more
[Thu, 01-Sep-2011 @ 13:46:44.871] [http-8080-2] ERROR org.codehaus.groovy.grails.web.errors.GrailsExceptionResolver  - Exception occurred when processing request: [POST] /jobshed/ - parameters:
id: 780
_action_edit: Edit
Stacktrace follows:
org.codehaus.groovy.grails.web.pages.exceptions.GroovyPagesException: Error processing GroovyPageView: Error executing tag <g:form>: Error evaluating expression [jobSetupInstance.prettyParameterMap()] on line [81]: line 1:70: expecting STRING, found '}' at C:/grailsApps/1.3.7/jobshed/grails-app/views/jobSetup/edit.gsp:102
	at org.jsecurity.web.servlet.JSecurityFilter.doFilterInternal(JSecurityFilter.java:384)
	at org.jsecurity.web.servlet.OncePerRequestFilter.doFilter(OncePerRequestFilter.java:183)
	at java.lang.Thread.run(Thread.java:619)
Caused by: org.codehaus.groovy.grails.web.taglib.exceptions.GrailsTagException: Error executing tag <g:form>: Error evaluating expression [jobSetupInstance.prettyParameterMap()] on line [81]: line 1:70: expecting STRING, found '}' at C:/grailsApps/1.3.7/jobshed/grails-app/views/jobSetup/edit.gsp:102
	at C__grailsApps_1_3_7_jobshed_grails_app_views_jobSetup_edit_gsp$_run_closure2.doCall(C__grailsApps_1_3_7_jobshed_grails_app_views_jobSetup_edit_gsp:117)
	at C__grailsApps_1_3_7_jobshed_grails_app_views_jobSetup_edit_gsp$_run_closure2.doCall(C__grailsApps_1_3_7_jobshed_grails_app_views_jobSetup_edit_gsp)
	at C__grailsApps_1_3_7_jobshed_grails_app_views_jobSetup_edit_gsp.run(C__grailsApps_1_3_7_jobshed_grails_app_views_jobSetup_edit_gsp:120)
	... 3 more
Caused by: org.codehaus.groovy.grails.web.pages.exceptions.GroovyPagesException: Error evaluating expression [jobSetupInstance.prettyParameterMap()] on line [81]: line 1:70: expecting STRING, found '}'
	at C__grailsApps_1_3_7_jobshed_grails_app_views_jobSetup_edit_gsp$_run_closure2_closure30.doCall(C__grailsApps_1_3_7_jobshed_grails_app_views_jobSetup_edit_gsp:110)
	at C__grailsApps_1_3_7_jobshed_grails_app_views_jobSetup_edit_gsp$_run_closure2_closure30.doCall(C__grailsApps_1_3_7_jobshed_grails_app_views_jobSetup_edit_gsp)
	... 6 more
Caused by: org.codehaus.groovy.runtime.InvokerInvocationException: line 1:70: expecting STRING, found '}'
	... 8 more
Caused by: line 1:70: expecting STRING, found '}'
	at antlr.Parser.match(Parser.java:211)
	at com.sdicons.json.parser.impl.JSONParserAntlr.object(JSONParserAntlr.java:110)
	at com.sdicons.json.parser.impl.JSONParserAntlr.value(JSONParserAntlr.java:57)
	at com.sdicons.json.parser.JSONParser.nextValue(JSONParser.java:96)
	at com.sdicons.json.parser.JSONParser$nextValue.call(Unknown Source)
	at us.mn.state.dot.mnroad.JobSetup.prettyParameterMap(JobSetup.groovy:147)
	at us.mn.state.dot.mnroad.JobSetup$prettyParameterMap.call(Unknown Source)
	at C__grailsApps_1_3_7_jobshed_grails_app_views_jobSetup_edit_gsp$_run_closure2_closure30_closure68.doCall(C__grailsApps_1_3_7_jobshed_grails_app_views_jobSetup_edit_gsp:110)
	... 8 more
[Thu, 01-Sep-2011 @ 13:51:34.830] [http-8080-2] ERROR org.codehaus.groovy.grails.web.servlet.view.GroovyPageView  - Error processing GroovyPageView: Error executing tag <g:form>: Error evaluating expression [jobSetupInstance.prettyParameterMap()] on line [81]: line 1:70: unexpected token: } at C:/grailsApps/1.3.7/jobshed/grails-app/views/jobSetup/edit.gsp:102
org.codehaus.groovy.grails.web.taglib.exceptions.GrailsTagException: Error executing tag <g:form>: Error evaluating expression [jobSetupInstance.prettyParameterMap()] on line [81]: line 1:70: unexpected token: } at C:/grailsApps/1.3.7/jobshed/grails-app/views/jobSetup/edit.gsp:102
	at C__grailsApps_1_3_7_jobshed_grails_app_views_jobSetup_edit_gsp$_run_closure2.doCall(C__grailsApps_1_3_7_jobshed_grails_app_views_jobSetup_edit_gsp:117)
	at C__grailsApps_1_3_7_jobshed_grails_app_views_jobSetup_edit_gsp$_run_closure2.doCall(C__grailsApps_1_3_7_jobshed_grails_app_views_jobSetup_edit_gsp)
	at C__grailsApps_1_3_7_jobshed_grails_app_views_jobSetup_edit_gsp.run(C__grailsApps_1_3_7_jobshed_grails_app_views_jobSetup_edit_gsp:120)
	at org.jsecurity.web.servlet.JSecurityFilter.doFilterInternal(JSecurityFilter.java:384)
	at org.jsecurity.web.servlet.OncePerRequestFilter.doFilter(OncePerRequestFilter.java:183)
	at java.lang.Thread.run(Thread.java:619)
Caused by: org.codehaus.groovy.grails.web.pages.exceptions.GroovyPagesException: Error evaluating expression [jobSetupInstance.prettyParameterMap()] on line [81]: line 1:70: unexpected token: }
	at C__grailsApps_1_3_7_jobshed_grails_app_views_jobSetup_edit_gsp$_run_closure2_closure30.doCall(C__grailsApps_1_3_7_jobshed_grails_app_views_jobSetup_edit_gsp:110)
	at C__grailsApps_1_3_7_jobshed_grails_app_views_jobSetup_edit_gsp$_run_closure2_closure30.doCall(C__grailsApps_1_3_7_jobshed_grails_app_views_jobSetup_edit_gsp)
	... 6 more
Caused by: org.codehaus.groovy.runtime.InvokerInvocationException: line 1:70: unexpected token: }
	... 8 more
Caused by: line 1:70: unexpected token: }
	at com.sdicons.json.parser.impl.JSONParserAntlr.value(JSONParserAntlr.java:76)
	at com.sdicons.json.parser.JSONParser.nextValue(JSONParser.java:96)
	at com.sdicons.json.parser.JSONParser$nextValue.call(Unknown Source)
	at us.mn.state.dot.mnroad.JobSetup.prettyParameterMap(JobSetup.groovy:147)
	at us.mn.state.dot.mnroad.JobSetup$prettyParameterMap.call(Unknown Source)
	at C__grailsApps_1_3_7_jobshed_grails_app_views_jobSetup_edit_gsp$_run_closure2_closure30_closure68.doCall(C__grailsApps_1_3_7_jobshed_grails_app_views_jobSetup_edit_gsp:110)
	... 8 more
[Thu, 01-Sep-2011 @ 13:51:35.033] [http-8080-2] ERROR org.codehaus.groovy.grails.web.errors.GrailsExceptionResolver  - Exception occurred when processing request: [POST] /jobshed/ - parameters:
id: 780
_action_edit: Edit
Stacktrace follows:
org.codehaus.groovy.grails.web.pages.exceptions.GroovyPagesException: Error processing GroovyPageView: Error executing tag <g:form>: Error evaluating expression [jobSetupInstance.prettyParameterMap()] on line [81]: line 1:70: unexpected token: } at C:/grailsApps/1.3.7/jobshed/grails-app/views/jobSetup/edit.gsp:102
	at org.jsecurity.web.servlet.JSecurityFilter.doFilterInternal(JSecurityFilter.java:384)
	at org.jsecurity.web.servlet.OncePerRequestFilter.doFilter(OncePerRequestFilter.java:183)
	at java.lang.Thread.run(Thread.java:619)
Caused by: org.codehaus.groovy.grails.web.taglib.exceptions.GrailsTagException: Error executing tag <g:form>: Error evaluating expression [jobSetupInstance.prettyParameterMap()] on line [81]: line 1:70: unexpected token: } at C:/grailsApps/1.3.7/jobshed/grails-app/views/jobSetup/edit.gsp:102
	at C__grailsApps_1_3_7_jobshed_grails_app_views_jobSetup_edit_gsp$_run_closure2.doCall(C__grailsApps_1_3_7_jobshed_grails_app_views_jobSetup_edit_gsp:117)
	at C__grailsApps_1_3_7_jobshed_grails_app_views_jobSetup_edit_gsp$_run_closure2.doCall(C__grailsApps_1_3_7_jobshed_grails_app_views_jobSetup_edit_gsp)
	at C__grailsApps_1_3_7_jobshed_grails_app_views_jobSetup_edit_gsp.run(C__grailsApps_1_3_7_jobshed_grails_app_views_jobSetup_edit_gsp:120)
	... 3 more
Caused by: org.codehaus.groovy.grails.web.pages.exceptions.GroovyPagesException: Error evaluating expression [jobSetupInstance.prettyParameterMap()] on line [81]: line 1:70: unexpected token: }
	at C__grailsApps_1_3_7_jobshed_grails_app_views_jobSetup_edit_gsp$_run_closure2_closure30.doCall(C__grailsApps_1_3_7_jobshed_grails_app_views_jobSetup_edit_gsp:110)
	at C__grailsApps_1_3_7_jobshed_grails_app_views_jobSetup_edit_gsp$_run_closure2_closure30.doCall(C__grailsApps_1_3_7_jobshed_grails_app_views_jobSetup_edit_gsp)
	... 6 more
Caused by: org.codehaus.groovy.runtime.InvokerInvocationException: line 1:70: unexpected token: }
	... 8 more
Caused by: line 1:70: unexpected token: }
	at com.sdicons.json.parser.impl.JSONParserAntlr.value(JSONParserAntlr.java:76)
	at com.sdicons.json.parser.JSONParser.nextValue(JSONParser.java:96)
	at com.sdicons.json.parser.JSONParser$nextValue.call(Unknown Source)
	at us.mn.state.dot.mnroad.JobSetup.prettyParameterMap(JobSetup.groovy:147)
	at us.mn.state.dot.mnroad.JobSetup$prettyParameterMap.call(Unknown Source)
	at C__grailsApps_1_3_7_jobshed_grails_app_views_jobSetup_edit_gsp$_run_closure2_closure30_closure68.doCall(C__grailsApps_1_3_7_jobshed_grails_app_views_jobSetup_edit_gsp:110)
	... 8 more
[Thu, 01-Sep-2011 @ 13:52:33.181] [http-8080-3] ERROR org.codehaus.groovy.grails.web.servlet.view.GroovyPageView  - Error processing GroovyPageView: Error executing tag <g:form>: Error evaluating expression [jobSetupInstance.prettyParameterMap()] on line [81]: line 1:69: expecting STRING, found '}' at C:/grailsApps/1.3.7/jobshed/grails-app/views/jobSetup/edit.gsp:102
org.codehaus.groovy.grails.web.taglib.exceptions.GrailsTagException: Error executing tag <g:form>: Error evaluating expression [jobSetupInstance.prettyParameterMap()] on line [81]: line 1:69: expecting STRING, found '}' at C:/grailsApps/1.3.7/jobshed/grails-app/views/jobSetup/edit.gsp:102
	at C__grailsApps_1_3_7_jobshed_grails_app_views_jobSetup_edit_gsp$_run_closure2.doCall(C__grailsApps_1_3_7_jobshed_grails_app_views_jobSetup_edit_gsp:117)
	at C__grailsApps_1_3_7_jobshed_grails_app_views_jobSetup_edit_gsp$_run_closure2.doCall(C__grailsApps_1_3_7_jobshed_grails_app_views_jobSetup_edit_gsp)
	at C__grailsApps_1_3_7_jobshed_grails_app_views_jobSetup_edit_gsp.run(C__grailsApps_1_3_7_jobshed_grails_app_views_jobSetup_edit_gsp:120)
	at org.jsecurity.web.servlet.JSecurityFilter.doFilterInternal(JSecurityFilter.java:384)
	at org.jsecurity.web.servlet.OncePerRequestFilter.doFilter(OncePerRequestFilter.java:183)
	at java.lang.Thread.run(Thread.java:619)
Caused by: org.codehaus.groovy.grails.web.pages.exceptions.GroovyPagesException: Error evaluating expression [jobSetupInstance.prettyParameterMap()] on line [81]: line 1:69: expecting STRING, found '}'
	at C__grailsApps_1_3_7_jobshed_grails_app_views_jobSetup_edit_gsp$_run_closure2_closure30.doCall(C__grailsApps_1_3_7_jobshed_grails_app_views_jobSetup_edit_gsp:110)
	at C__grailsApps_1_3_7_jobshed_grails_app_views_jobSetup_edit_gsp$_run_closure2_closure30.doCall(C__grailsApps_1_3_7_jobshed_grails_app_views_jobSetup_edit_gsp)
	... 6 more
Caused by: org.codehaus.groovy.runtime.InvokerInvocationException: line 1:69: expecting STRING, found '}'
	... 8 more
Caused by: line 1:69: expecting STRING, found '}'
	at antlr.Parser.match(Parser.java:211)
	at com.sdicons.json.parser.impl.JSONParserAntlr.object(JSONParserAntlr.java:110)
	at com.sdicons.json.parser.impl.JSONParserAntlr.value(JSONParserAntlr.java:57)
	at com.sdicons.json.parser.JSONParser.nextValue(JSONParser.java:96)
	at com.sdicons.json.parser.JSONParser$nextValue.call(Unknown Source)
	at us.mn.state.dot.mnroad.JobSetup.prettyParameterMap(JobSetup.groovy:147)
	at us.mn.state.dot.mnroad.JobSetup$prettyParameterMap.call(Unknown Source)
	at C__grailsApps_1_3_7_jobshed_grails_app_views_jobSetup_edit_gsp$_run_closure2_closure30_closure68.doCall(C__grailsApps_1_3_7_jobshed_grails_app_views_jobSetup_edit_gsp:110)
	... 8 more
[Thu, 01-Sep-2011 @ 13:52:33.681] [http-8080-3] ERROR org.codehaus.groovy.grails.web.errors.GrailsExceptionResolver  - Exception occurred when processing request: [POST] /jobshed/ - parameters:
id: 780
_action_edit: Edit
Stacktrace follows:
org.codehaus.groovy.grails.web.pages.exceptions.GroovyPagesException: Error processing GroovyPageView: Error executing tag <g:form>: Error evaluating expression [jobSetupInstance.prettyParameterMap()] on line [81]: line 1:69: expecting STRING, found '}' at C:/grailsApps/1.3.7/jobshed/grails-app/views/jobSetup/edit.gsp:102
	at org.jsecurity.web.servlet.JSecurityFilter.doFilterInternal(JSecurityFilter.java:384)
	at org.jsecurity.web.servlet.OncePerRequestFilter.doFilter(OncePerRequestFilter.java:183)
	at java.lang.Thread.run(Thread.java:619)
Caused by: org.codehaus.groovy.grails.web.taglib.exceptions.GrailsTagException: Error executing tag <g:form>: Error evaluating expression [jobSetupInstance.prettyParameterMap()] on line [81]: line 1:69: expecting STRING, found '}' at C:/grailsApps/1.3.7/jobshed/grails-app/views/jobSetup/edit.gsp:102
	at C__grailsApps_1_3_7_jobshed_grails_app_views_jobSetup_edit_gsp$_run_closure2.doCall(C__grailsApps_1_3_7_jobshed_grails_app_views_jobSetup_edit_gsp:117)
	at C__grailsApps_1_3_7_jobshed_grails_app_views_jobSetup_edit_gsp$_run_closure2.doCall(C__grailsApps_1_3_7_jobshed_grails_app_views_jobSetup_edit_gsp)
	at C__grailsApps_1_3_7_jobshed_grails_app_views_jobSetup_edit_gsp.run(C__grailsApps_1_3_7_jobshed_grails_app_views_jobSetup_edit_gsp:120)
	... 3 more
Caused by: org.codehaus.groovy.grails.web.pages.exceptions.GroovyPagesException: Error evaluating expression [jobSetupInstance.prettyParameterMap()] on line [81]: line 1:69: expecting STRING, found '}'
	at C__grailsApps_1_3_7_jobshed_grails_app_views_jobSetup_edit_gsp$_run_closure2_closure30.doCall(C__grailsApps_1_3_7_jobshed_grails_app_views_jobSetup_edit_gsp:110)
	at C__grailsApps_1_3_7_jobshed_grails_app_views_jobSetup_edit_gsp$_run_closure2_closure30.doCall(C__grailsApps_1_3_7_jobshed_grails_app_views_jobSetup_edit_gsp)
	... 6 more
Caused by: org.codehaus.groovy.runtime.InvokerInvocationException: line 1:69: expecting STRING, found '}'
	... 8 more
Caused by: line 1:69: expecting STRING, found '}'
	at antlr.Parser.match(Parser.java:211)
	at com.sdicons.json.parser.impl.JSONParserAntlr.object(JSONParserAntlr.java:110)
	at com.sdicons.json.parser.impl.JSONParserAntlr.value(JSONParserAntlr.java:57)
	at com.sdicons.json.parser.JSONParser.nextValue(JSONParser.java:96)
	at com.sdicons.json.parser.JSONParser$nextValue.call(Unknown Source)
	at us.mn.state.dot.mnroad.JobSetup.prettyParameterMap(JobSetup.groovy:147)
	at us.mn.state.dot.mnroad.JobSetup$prettyParameterMap.call(Unknown Source)
	at C__grailsApps_1_3_7_jobshed_grails_app_views_jobSetup_edit_gsp$_run_closure2_closure30_closure68.doCall(C__grailsApps_1_3_7_jobshed_grails_app_views_jobSetup_edit_gsp:110)
	... 8 more
